<?xml version="1.0" encoding="UTF-8"?>
<testng-results ignored="0" total="1" passed="1" failed="0" skipped="0">
  <reporter-output>
  </reporter-output>
  <suite started-at="2025-07-02T19:27:09 IST" name="Default suite" finished-at="2025-07-02T19:27:41 IST" duration-ms="31707">
    <groups>
    </groups>
    <test started-at="2025-07-02T19:27:09 IST" name="Default test" finished-at="2025-07-02T19:27:41 IST" duration-ms="31707">
      <class name="testcase.TC01_AccounRegister">
        <test-method is-config="true" signature="setup()[pri:0, instance:testcase.TC01_AccounRegister@3f270e0a]" started-at="2025-07-02T19:27:09 IST" name="setup" finished-at="2025-07-02T19:27:34 IST" duration-ms="24264" status="PASS">
          <reporter-output>
          </reporter-output>
        </test-method> <!-- setup -->
        <test-method signature="homePage()[pri:0, instance:testcase.TC01_AccounRegister@3f270e0a]" started-at="2025-07-02T19:27:34 IST" name="homePage" finished-at="2025-07-02T19:27:41 IST" duration-ms="7364" status="PASS">
          <reporter-output>
          </reporter-output>
        </test-method> <!-- homePage -->
        <test-method is-config="true" signature="tearDown()[pri:0, instance:testcase.TC01_AccounRegister@3f270e0a]" started-at="2025-07-02T19:27:41 IST" name="tearDown" finished-at="2025-07-02T19:27:41 IST" duration-ms="1" status="PASS">
          <reporter-output>
          </reporter-output>
        </test-method> <!-- tearDown -->
      </class> <!-- testcase.TC01_AccounRegister -->
    </test> <!-- Default test -->
  </suite> <!-- Default suite -->
</testng-results>
